<?xml version="1.0" encoding="UTF-8"?>
<!-- Generated by org.testng.reporters.JUnitReportReporter -->
<testsuite hostname="Ashish-Laptop" failures="0" tests="1" name="com.Testng.Example.Demo" time="0.008" errors="0" timestamp="2021-06-01T23:26:50 IST" skipped="0">
  <testcase classname="com.Testng.Example.Demo" name="work" time="0.008"/>
  <system-out/>
</testsuite> <!-- com.Testng.Example.Demo -->
