<?xml version="1.0" encoding="UTF-8"?>
<!-- Generated by org.testng.reporters.JUnitReportReporter -->
<testsuite hostname="Ashish-Laptop" failures="0" tests="1" name="com.ashish.testCases.OpenPageGoogle" time="11.907" errors="0" timestamp="2021-06-04T15:45:20 IST" skipped="0">
  <testcase classname="com.ashish.testCases.OpenPageGoogle" name="test1" time="11.907"/>
  <system-out/>
</testsuite> <!-- com.ashish.testCases.OpenPageGoogle -->
